build/outputs/logs/manifest-merger-debug-report.txt
-- Merging decision tree log ---
manifest
ADDED from MyProject\RSSDemo-master\AndroidManifest.xml:1:1-30:12
	xmlns:android
		ADDED from MyProject\RSSDemo-master\AndroidManifest.xml:1:11-69
	package
		ADDED from MyProject\RSSDemo-master\AndroidManifest.xml:2:5-34
	android:versionName
		ADDED from MyProject\RSSDemo-master\AndroidManifest.xml:4:5-32
	android:versionCode
		ADDED from MyProject\RSSDemo-master\AndroidManifest.xml:3:5-30
		INJECTED from MyProject\RSSDemo-master\AndroidManifest.xml
		INJECTED from MyProject\RSSDemo-master\AndroidManifest.xml
uses-permission#android.permission.INTERNET
ADDED from MyProject\RSSDemo-master\AndroidManifest.xml:6:5-67
	android:name
		ADDED from MyProject\RSSDemo-master\AndroidManifest.xml:6:22-64
uses-permission#android.permission.ACCESS_NETWORK_STATE
ADDED from MyProject\RSSDemo-master\AndroidManifest.xml:7:5-79
	android:name
		ADDED from MyProject\RSSDemo-master\AndroidManifest.xml:7:22-76
uses-sdk
ADDED from MyProject\RSSDemo-master\AndroidManifest.xml:9:5-11:41
	android:targetSdkVersion
		ADDED from MyProject\RSSDemo-master\AndroidManifest.xml:11:9-38
	android:minSdkVersion
		ADDED from MyProject\RSSDemo-master\AndroidManifest.xml:10:9-34
application
ADDED from MyProject\RSSDemo-master\AndroidManifest.xml:13:5-28:19
	android:label
		ADDED from MyProject\RSSDemo-master\AndroidManifest.xml:16:9-41
	android:allowBackup
		ADDED from MyProject\RSSDemo-master\AndroidManifest.xml:14:9-35
	android:icon
		ADDED from MyProject\RSSDemo-master\AndroidManifest.xml:15:9-45
	android:theme
		ADDED from MyProject\RSSDemo-master\AndroidManifest.xml:17:9-40
activity#com.zackehh.rssdemo.InitActivity
ADDED from MyProject\RSSDemo-master\AndroidManifest.xml:18:9-24:20
	android:name
		ADDED from MyProject\RSSDemo-master\AndroidManifest.xml:18:19-46
intent-filter#android.intent.action.MAIN+android.intent.category.LAUNCHER
ADDED from MyProject\RSSDemo-master\AndroidManifest.xml:19:13-23:29
action#android.intent.action.MAIN
ADDED from MyProject\RSSDemo-master\AndroidManifest.xml:20:17-69
	android:name
		ADDED from MyProject\RSSDemo-master\AndroidManifest.xml:20:25-66
category#android.intent.category.LAUNCHER
ADDED from MyProject\RSSDemo-master\AndroidManifest.xml:22:17-77
	android:name
		ADDED from MyProject\RSSDemo-master\AndroidManifest.xml:22:27-74
activity#com.zackehh.rssdemo.ListActivity
ADDED from MyProject\RSSDemo-master\AndroidManifest.xml:25:9-49
	android:name
		ADDED from MyProject\RSSDemo-master\AndroidManifest.xml:25:19-46
activity#com.zackehh.rssdemo.OfflineActivity
ADDED from MyProject\RSSDemo-master\AndroidManifest.xml:26:9-52
	android:name
		ADDED from MyProject\RSSDemo-master\AndroidManifest.xml:26:19-49
activity#com.zackehh.rssdemo.PostActivity
ADDED from MyProject\RSSDemo-master\AndroidManifest.xml:27:9-49
	android:name
		ADDED from MyProject\RSSDemo-master\AndroidManifest.xml:27:19-46